<?xml version="1.0" encoding="UTF-8"?>
<testsuite xmlns:xsi="http://www.w3.org/2001/XMLSchema-instance" xsi:noNamespaceSchemaLocation="https://maven.apache.org/surefire/maven-surefire-plugin/xsd/surefire-test-report.xsd" name="com.mortgage.LighteningMortgageApplicationTests" time="17.444" tests="1" errors="0" skipped="0" failures="0">
  <properties>
    <property name="sun.desktop" value="windows"/>
    <property name="awt.toolkit" value="sun.awt.windows.WToolkit"/>
    <property name="file.encoding.pkg" value="sun.io"/>
    <property name="java.specification.version" value="1.8"/>
    <property name="sun.cpu.isalist" value="amd64"/>
    <property name="sun.jnu.encoding" value="Cp1252"/>
    <property name="java.class.path" value="C:\Work\LighteningMortgage\target\test-classes;C:\Work\LighteningMortgage\target\classes;c:\tools\repo\org\springframework\boot\spring-boot-starter-actuator\2.1.3.RELEASE\spring-boot-starter-actuator-2.1.3.RELEASE.jar;c:\tools\repo\org\springframework\boot\spring-boot-starter\2.1.3.RELEASE\spring-boot-starter-2.1.3.RELEASE.jar;c:\tools\repo\org\springframework\boot\spring-boot-starter-logging\2.1.3.RELEASE\spring-boot-starter-logging-2.1.3.RELEASE.jar;c:\tools\repo\ch\qos\logback\logback-classic\1.2.3\logback-classic-1.2.3.jar;c:\tools\repo\ch\qos\logback\logback-core\1.2.3\logback-core-1.2.3.jar;c:\tools\repo\org\apache\logging\log4j\log4j-to-slf4j\2.11.2\log4j-to-slf4j-2.11.2.jar;c:\tools\repo\org\apache\logging\log4j\log4j-api\2.11.2\log4j-api-2.11.2.jar;c:\tools\repo\org\slf4j\jul-to-slf4j\1.7.25\jul-to-slf4j-1.7.25.jar;c:\tools\repo\javax\annotation\javax.annotation-api\1.3.2\javax.annotation-api-1.3.2.jar;c:\tools\repo\org\yaml\snakeyaml\1.23\snakeyaml-1.23.jar;c:\tools\repo\org\springframework\boot\spring-boot-actuator-autoconfigure\2.1.3.RELEASE\spring-boot-actuator-autoconfigure-2.1.3.RELEASE.jar;c:\tools\repo\org\springframework\boot\spring-boot-actuator\2.1.3.RELEASE\spring-boot-actuator-2.1.3.RELEASE.jar;c:\tools\repo\com\fasterxml\jackson\core\jackson-databind\2.9.8\jackson-databind-2.9.8.jar;c:\tools\repo\com\fasterxml\jackson\core\jackson-core\2.9.8\jackson-core-2.9.8.jar;c:\tools\repo\org\springframework\spring-context\5.1.5.RELEASE\spring-context-5.1.5.RELEASE.jar;c:\tools\repo\com\fasterxml\jackson\datatype\jackson-datatype-jsr310\2.9.8\jackson-datatype-jsr310-2.9.8.jar;c:\tools\repo\io\micrometer\micrometer-core\1.1.3\micrometer-core-1.1.3.jar;c:\tools\repo\org\hdrhistogram\HdrHistogram\2.1.9\HdrHistogram-2.1.9.jar;c:\tools\repo\org\latencyutils\LatencyUtils\2.0.3\LatencyUtils-2.0.3.jar;c:\tools\repo\org\springframework\boot\spring-boot-starter-web\2.1.3.RELEASE\spring-boot-starter-web-2.1.3.RELEASE.jar;c:\tools\repo\org\springframework\boot\spring-boot-starter-json\2.1.3.RELEASE\spring-boot-starter-json-2.1.3.RELEASE.jar;c:\tools\repo\com\fasterxml\jackson\datatype\jackson-datatype-jdk8\2.9.8\jackson-datatype-jdk8-2.9.8.jar;c:\tools\repo\com\fasterxml\jackson\module\jackson-module-parameter-names\2.9.8\jackson-module-parameter-names-2.9.8.jar;c:\tools\repo\org\springframework\boot\spring-boot-starter-tomcat\2.1.3.RELEASE\spring-boot-starter-tomcat-2.1.3.RELEASE.jar;c:\tools\repo\org\apache\tomcat\embed\tomcat-embed-core\9.0.16\tomcat-embed-core-9.0.16.jar;c:\tools\repo\org\apache\tomcat\embed\tomcat-embed-el\9.0.16\tomcat-embed-el-9.0.16.jar;c:\tools\repo\org\apache\tomcat\embed\tomcat-embed-websocket\9.0.16\tomcat-embed-websocket-9.0.16.jar;c:\tools\repo\org\hibernate\validator\hibernate-validator\6.0.14.Final\hibernate-validator-6.0.14.Final.jar;c:\tools\repo\javax\validation\validation-api\2.0.1.Final\validation-api-2.0.1.Final.jar;c:\tools\repo\org\jboss\logging\jboss-logging\3.3.2.Final\jboss-logging-3.3.2.Final.jar;c:\tools\repo\org\springframework\spring-web\5.1.5.RELEASE\spring-web-5.1.5.RELEASE.jar;c:\tools\repo\org\springframework\spring-beans\5.1.5.RELEASE\spring-beans-5.1.5.RELEASE.jar;c:\tools\repo\org\springframework\spring-webmvc\5.1.5.RELEASE\spring-webmvc-5.1.5.RELEASE.jar;c:\tools\repo\org\springframework\spring-aop\5.1.5.RELEASE\spring-aop-5.1.5.RELEASE.jar;c:\tools\repo\org\springframework\spring-expression\5.1.5.RELEASE\spring-expression-5.1.5.RELEASE.jar;c:\tools\repo\org\springframework\boot\spring-boot-devtools\2.1.3.RELEASE\spring-boot-devtools-2.1.3.RELEASE.jar;c:\tools\repo\org\springframework\boot\spring-boot\2.1.3.RELEASE\spring-boot-2.1.3.RELEASE.jar;c:\tools\repo\org\springframework\boot\spring-boot-autoconfigure\2.1.3.RELEASE\spring-boot-autoconfigure-2.1.3.RELEASE.jar;c:\tools\repo\mysql\mysql-connector-java\8.0.15\mysql-connector-java-8.0.15.jar;c:\tools\repo\org\projectlombok\lombok\1.18.6\lombok-1.18.6.jar;c:\tools\repo\org\springframework\boot\spring-boot-starter-data-jpa\2.1.3.RELEASE\spring-boot-starter-data-jpa-2.1.3.RELEASE.jar;c:\tools\repo\org\springframework\boot\spring-boot-starter-aop\2.1.3.RELEASE\spring-boot-starter-aop-2.1.3.RELEASE.jar;c:\tools\repo\org\aspectj\aspectjweaver\1.9.2\aspectjweaver-1.9.2.jar;c:\tools\repo\org\springframework\boot\spring-boot-starter-jdbc\2.1.3.RELEASE\spring-boot-starter-jdbc-2.1.3.RELEASE.jar;c:\tools\repo\com\zaxxer\HikariCP\3.2.0\HikariCP-3.2.0.jar;c:\tools\repo\org\springframework\spring-jdbc\5.1.5.RELEASE\spring-jdbc-5.1.5.RELEASE.jar;c:\tools\repo\javax\transaction\javax.transaction-api\1.3\javax.transaction-api-1.3.jar;c:\tools\repo\javax\xml\bind\jaxb-api\2.3.1\jaxb-api-2.3.1.jar;c:\tools\repo\javax\activation\javax.activation-api\1.2.0\javax.activation-api-1.2.0.jar;c:\tools\repo\org\hibernate\hibernate-core\5.3.7.Final\hibernate-core-5.3.7.Final.jar;c:\tools\repo\javax\persistence\javax.persistence-api\2.2\javax.persistence-api-2.2.jar;c:\tools\repo\org\javassist\javassist\3.23.1-GA\javassist-3.23.1-GA.jar;c:\tools\repo\net\bytebuddy\byte-buddy\1.9.10\byte-buddy-1.9.10.jar;c:\tools\repo\antlr\antlr\2.7.7\antlr-2.7.7.jar;c:\tools\repo\org\jboss\jandex\2.0.5.Final\jandex-2.0.5.Final.jar;c:\tools\repo\org\dom4j\dom4j\2.1.1\dom4j-2.1.1.jar;c:\tools\repo\org\hibernate\common\hibernate-commons-annotations\5.0.4.Final\hibernate-commons-annotations-5.0.4.Final.jar;c:\tools\repo\org\springframework\data\spring-data-jpa\2.1.5.RELEASE\spring-data-jpa-2.1.5.RELEASE.jar;c:\tools\repo\org\springframework\data\spring-data-commons\2.1.5.RELEASE\spring-data-commons-2.1.5.RELEASE.jar;c:\tools\repo\org\springframework\spring-orm\5.1.5.RELEASE\spring-orm-5.1.5.RELEASE.jar;c:\tools\repo\org\springframework\spring-tx\5.1.5.RELEASE\spring-tx-5.1.5.RELEASE.jar;c:\tools\repo\org\springframework\spring-aspects\5.1.5.RELEASE\spring-aspects-5.1.5.RELEASE.jar;c:\tools\repo\org\springframework\boot\spring-boot-starter-test\2.1.3.RELEASE\spring-boot-starter-test-2.1.3.RELEASE.jar;c:\tools\repo\org\springframework\boot\spring-boot-test\2.1.3.RELEASE\spring-boot-test-2.1.3.RELEASE.jar;c:\tools\repo\org\springframework\boot\spring-boot-test-autoconfigure\2.1.3.RELEASE\spring-boot-test-autoconfigure-2.1.3.RELEASE.jar;c:\tools\repo\com\jayway\jsonpath\json-path\2.4.0\json-path-2.4.0.jar;c:\tools\repo\net\minidev\json-smart\2.3\json-smart-2.3.jar;c:\tools\repo\net\minidev\accessors-smart\1.2\accessors-smart-1.2.jar;c:\tools\repo\org\ow2\asm\asm\5.0.4\asm-5.0.4.jar;c:\tools\repo\junit\junit\4.12\junit-4.12.jar;c:\tools\repo\org\assertj\assertj-core\3.11.1\assertj-core-3.11.1.jar;c:\tools\repo\org\mockito\mockito-core\2.23.4\mockito-core-2.23.4.jar;c:\tools\repo\net\bytebuddy\byte-buddy-agent\1.9.10\byte-buddy-agent-1.9.10.jar;c:\tools\repo\org\objenesis\objenesis\2.6\objenesis-2.6.jar;c:\tools\repo\org\hamcrest\hamcrest-core\1.3\hamcrest-core-1.3.jar;c:\tools\repo\org\hamcrest\hamcrest-library\1.3\hamcrest-library-1.3.jar;c:\tools\repo\org\skyscreamer\jsonassert\1.5.0\jsonassert-1.5.0.jar;c:\tools\repo\com\vaadin\external\google\android-json\0.0.20131108.vaadin1\android-json-0.0.20131108.vaadin1.jar;c:\tools\repo\org\springframework\spring-core\5.1.5.RELEASE\spring-core-5.1.5.RELEASE.jar;c:\tools\repo\org\springframework\spring-jcl\5.1.5.RELEASE\spring-jcl-5.1.5.RELEASE.jar;c:\tools\repo\org\springframework\spring-test\5.1.5.RELEASE\spring-test-5.1.5.RELEASE.jar;c:\tools\repo\org\xmlunit\xmlunit-core\2.6.2\xmlunit-core-2.6.2.jar;c:\tools\repo\io\springfox\springfox-swagger2\2.9.2\springfox-swagger2-2.9.2.jar;c:\tools\repo\io\swagger\swagger-annotations\1.5.20\swagger-annotations-1.5.20.jar;c:\tools\repo\io\swagger\swagger-models\1.5.20\swagger-models-1.5.20.jar;c:\tools\repo\com\fasterxml\jackson\core\jackson-annotations\2.9.0\jackson-annotations-2.9.0.jar;c:\tools\repo\io\springfox\springfox-spi\2.9.2\springfox-spi-2.9.2.jar;c:\tools\repo\io\springfox\springfox-core\2.9.2\springfox-core-2.9.2.jar;c:\tools\repo\io\springfox\springfox-schema\2.9.2\springfox-schema-2.9.2.jar;c:\tools\repo\io\springfox\springfox-swagger-common\2.9.2\springfox-swagger-common-2.9.2.jar;c:\tools\repo\io\springfox\springfox-spring-web\2.9.2\springfox-spring-web-2.9.2.jar;c:\tools\repo\com\google\guava\guava\20.0\guava-20.0.jar;c:\tools\repo\com\fasterxml\classmate\1.4.0\classmate-1.4.0.jar;c:\tools\repo\org\slf4j\slf4j-api\1.7.25\slf4j-api-1.7.25.jar;c:\tools\repo\org\springframework\plugin\spring-plugin-core\1.2.0.RELEASE\spring-plugin-core-1.2.0.RELEASE.jar;c:\tools\repo\org\springframework\plugin\spring-plugin-metadata\1.2.0.RELEASE\spring-plugin-metadata-1.2.0.RELEASE.jar;c:\tools\repo\org\mapstruct\mapstruct\1.2.0.Final\mapstruct-1.2.0.Final.jar;c:\tools\repo\io\springfox\springfox-swagger-ui\2.9.2\springfox-swagger-ui-2.9.2.jar;"/>
    <property name="java.vm.vendor" value="Oracle Corporation"/>
    <property name="sun.arch.data.model" value="64"/>
    <property name="user.variant" value=""/>
    <property name="java.vendor.url" value="http://java.oracle.com/"/>
    <property name="user.timezone" value="Asia/Calcutta"/>
    <property name="java.vm.specification.version" value="1.8"/>
    <property name="os.name" value="Windows 10"/>
    <property name="user.country" value="US"/>
    <property name="sun.java.launcher" value="SUN_STANDARD"/>
    <property name="sun.boot.library.path" value="C:\tools\jdk1.8.0_201\jre\bin"/>
    <property name="sun.java.command" value="C:\Users\user1\AppData\Local\Temp\surefire273612549454305860\surefirebooter2657375702040677322.jar C:\Users\user1\AppData\Local\Temp\surefire273612549454305860 2019-03-18T16-07-19_044-jvmRun1 surefire5298095759727870863tmp surefire_07923768578392225787tmp"/>
    <property name="surefire.test.class.path" value="C:\Work\LighteningMortgage\target\test-classes;C:\Work\LighteningMortgage\target\classes;c:\tools\repo\org\springframework\boot\spring-boot-starter-actuator\2.1.3.RELEASE\spring-boot-starter-actuator-2.1.3.RELEASE.jar;c:\tools\repo\org\springframework\boot\spring-boot-starter\2.1.3.RELEASE\spring-boot-starter-2.1.3.RELEASE.jar;c:\tools\repo\org\springframework\boot\spring-boot-starter-logging\2.1.3.RELEASE\spring-boot-starter-logging-2.1.3.RELEASE.jar;c:\tools\repo\ch\qos\logback\logback-classic\1.2.3\logback-classic-1.2.3.jar;c:\tools\repo\ch\qos\logback\logback-core\1.2.3\logback-core-1.2.3.jar;c:\tools\repo\org\apache\logging\log4j\log4j-to-slf4j\2.11.2\log4j-to-slf4j-2.11.2.jar;c:\tools\repo\org\apache\logging\log4j\log4j-api\2.11.2\log4j-api-2.11.2.jar;c:\tools\repo\org\slf4j\jul-to-slf4j\1.7.25\jul-to-slf4j-1.7.25.jar;c:\tools\repo\javax\annotation\javax.annotation-api\1.3.2\javax.annotation-api-1.3.2.jar;c:\tools\repo\org\yaml\snakeyaml\1.23\snakeyaml-1.23.jar;c:\tools\repo\org\springframework\boot\spring-boot-actuator-autoconfigure\2.1.3.RELEASE\spring-boot-actuator-autoconfigure-2.1.3.RELEASE.jar;c:\tools\repo\org\springframework\boot\spring-boot-actuator\2.1.3.RELEASE\spring-boot-actuator-2.1.3.RELEASE.jar;c:\tools\repo\com\fasterxml\jackson\core\jackson-databind\2.9.8\jackson-databind-2.9.8.jar;c:\tools\repo\com\fasterxml\jackson\core\jackson-core\2.9.8\jackson-core-2.9.8.jar;c:\tools\repo\org\springframework\spring-context\5.1.5.RELEASE\spring-context-5.1.5.RELEASE.jar;c:\tools\repo\com\fasterxml\jackson\datatype\jackson-datatype-jsr310\2.9.8\jackson-datatype-jsr310-2.9.8.jar;c:\tools\repo\io\micrometer\micrometer-core\1.1.3\micrometer-core-1.1.3.jar;c:\tools\repo\org\hdrhistogram\HdrHistogram\2.1.9\HdrHistogram-2.1.9.jar;c:\tools\repo\org\latencyutils\LatencyUtils\2.0.3\LatencyUtils-2.0.3.jar;c:\tools\repo\org\springframework\boot\spring-boot-starter-web\2.1.3.RELEASE\spring-boot-starter-web-2.1.3.RELEASE.jar;c:\tools\repo\org\springframework\boot\spring-boot-starter-json\2.1.3.RELEASE\spring-boot-starter-json-2.1.3.RELEASE.jar;c:\tools\repo\com\fasterxml\jackson\datatype\jackson-datatype-jdk8\2.9.8\jackson-datatype-jdk8-2.9.8.jar;c:\tools\repo\com\fasterxml\jackson\module\jackson-module-parameter-names\2.9.8\jackson-module-parameter-names-2.9.8.jar;c:\tools\repo\org\springframework\boot\spring-boot-starter-tomcat\2.1.3.RELEASE\spring-boot-starter-tomcat-2.1.3.RELEASE.jar;c:\tools\repo\org\apache\tomcat\embed\tomcat-embed-core\9.0.16\tomcat-embed-core-9.0.16.jar;c:\tools\repo\org\apache\tomcat\embed\tomcat-embed-el\9.0.16\tomcat-embed-el-9.0.16.jar;c:\tools\repo\org\apache\tomcat\embed\tomcat-embed-websocket\9.0.16\tomcat-embed-websocket-9.0.16.jar;c:\tools\repo\org\hibernate\validator\hibernate-validator\6.0.14.Final\hibernate-validator-6.0.14.Final.jar;c:\tools\repo\javax\validation\validation-api\2.0.1.Final\validation-api-2.0.1.Final.jar;c:\tools\repo\org\jboss\logging\jboss-logging\3.3.2.Final\jboss-logging-3.3.2.Final.jar;c:\tools\repo\org\springframework\spring-web\5.1.5.RELEASE\spring-web-5.1.5.RELEASE.jar;c:\tools\repo\org\springframework\spring-beans\5.1.5.RELEASE\spring-beans-5.1.5.RELEASE.jar;c:\tools\repo\org\springframework\spring-webmvc\5.1.5.RELEASE\spring-webmvc-5.1.5.RELEASE.jar;c:\tools\repo\org\springframework\spring-aop\5.1.5.RELEASE\spring-aop-5.1.5.RELEASE.jar;c:\tools\repo\org\springframework\spring-expression\5.1.5.RELEASE\spring-expression-5.1.5.RELEASE.jar;c:\tools\repo\org\springframework\boot\spring-boot-devtools\2.1.3.RELEASE\spring-boot-devtools-2.1.3.RELEASE.jar;c:\tools\repo\org\springframework\boot\spring-boot\2.1.3.RELEASE\spring-boot-2.1.3.RELEASE.jar;c:\tools\repo\org\springframework\boot\spring-boot-autoconfigure\2.1.3.RELEASE\spring-boot-autoconfigure-2.1.3.RELEASE.jar;c:\tools\repo\mysql\mysql-connector-java\8.0.15\mysql-connector-java-8.0.15.jar;c:\tools\repo\org\projectlombok\lombok\1.18.6\lombok-1.18.6.jar;c:\tools\repo\org\springframework\boot\spring-boot-starter-data-jpa\2.1.3.RELEASE\spring-boot-starter-data-jpa-2.1.3.RELEASE.jar;c:\tools\repo\org\springframework\boot\spring-boot-starter-aop\2.1.3.RELEASE\spring-boot-starter-aop-2.1.3.RELEASE.jar;c:\tools\repo\org\aspectj\aspectjweaver\1.9.2\aspectjweaver-1.9.2.jar;c:\tools\repo\org\springframework\boot\spring-boot-starter-jdbc\2.1.3.RELEASE\spring-boot-starter-jdbc-2.1.3.RELEASE.jar;c:\tools\repo\com\zaxxer\HikariCP\3.2.0\HikariCP-3.2.0.jar;c:\tools\repo\org\springframework\spring-jdbc\5.1.5.RELEASE\spring-jdbc-5.1.5.RELEASE.jar;c:\tools\repo\javax\transaction\javax.transaction-api\1.3\javax.transaction-api-1.3.jar;c:\tools\repo\javax\xml\bind\jaxb-api\2.3.1\jaxb-api-2.3.1.jar;c:\tools\repo\javax\activation\javax.activation-api\1.2.0\javax.activation-api-1.2.0.jar;c:\tools\repo\org\hibernate\hibernate-core\5.3.7.Final\hibernate-core-5.3.7.Final.jar;c:\tools\repo\javax\persistence\javax.persistence-api\2.2\javax.persistence-api-2.2.jar;c:\tools\repo\org\javassist\javassist\3.23.1-GA\javassist-3.23.1-GA.jar;c:\tools\repo\net\bytebuddy\byte-buddy\1.9.10\byte-buddy-1.9.10.jar;c:\tools\repo\antlr\antlr\2.7.7\antlr-2.7.7.jar;c:\tools\repo\org\jboss\jandex\2.0.5.Final\jandex-2.0.5.Final.jar;c:\tools\repo\org\dom4j\dom4j\2.1.1\dom4j-2.1.1.jar;c:\tools\repo\org\hibernate\common\hibernate-commons-annotations\5.0.4.Final\hibernate-commons-annotations-5.0.4.Final.jar;c:\tools\repo\org\springframework\data\spring-data-jpa\2.1.5.RELEASE\spring-data-jpa-2.1.5.RELEASE.jar;c:\tools\repo\org\springframework\data\spring-data-commons\2.1.5.RELEASE\spring-data-commons-2.1.5.RELEASE.jar;c:\tools\repo\org\springframework\spring-orm\5.1.5.RELEASE\spring-orm-5.1.5.RELEASE.jar;c:\tools\repo\org\springframework\spring-tx\5.1.5.RELEASE\spring-tx-5.1.5.RELEASE.jar;c:\tools\repo\org\springframework\spring-aspects\5.1.5.RELEASE\spring-aspects-5.1.5.RELEASE.jar;c:\tools\repo\org\springframework\boot\spring-boot-starter-test\2.1.3.RELEASE\spring-boot-starter-test-2.1.3.RELEASE.jar;c:\tools\repo\org\springframework\boot\spring-boot-test\2.1.3.RELEASE\spring-boot-test-2.1.3.RELEASE.jar;c:\tools\repo\org\springframework\boot\spring-boot-test-autoconfigure\2.1.3.RELEASE\spring-boot-test-autoconfigure-2.1.3.RELEASE.jar;c:\tools\repo\com\jayway\jsonpath\json-path\2.4.0\json-path-2.4.0.jar;c:\tools\repo\net\minidev\json-smart\2.3\json-smart-2.3.jar;c:\tools\repo\net\minidev\accessors-smart\1.2\accessors-smart-1.2.jar;c:\tools\repo\org\ow2\asm\asm\5.0.4\asm-5.0.4.jar;c:\tools\repo\junit\junit\4.12\junit-4.12.jar;c:\tools\repo\org\assertj\assertj-core\3.11.1\assertj-core-3.11.1.jar;c:\tools\repo\org\mockito\mockito-core\2.23.4\mockito-core-2.23.4.jar;c:\tools\repo\net\bytebuddy\byte-buddy-agent\1.9.10\byte-buddy-agent-1.9.10.jar;c:\tools\repo\org\objenesis\objenesis\2.6\objenesis-2.6.jar;c:\tools\repo\org\hamcrest\hamcrest-core\1.3\hamcrest-core-1.3.jar;c:\tools\repo\org\hamcrest\hamcrest-library\1.3\hamcrest-library-1.3.jar;c:\tools\repo\org\skyscreamer\jsonassert\1.5.0\jsonassert-1.5.0.jar;c:\tools\repo\com\vaadin\external\google\android-json\0.0.20131108.vaadin1\android-json-0.0.20131108.vaadin1.jar;c:\tools\repo\org\springframework\spring-core\5.1.5.RELEASE\spring-core-5.1.5.RELEASE.jar;c:\tools\repo\org\springframework\spring-jcl\5.1.5.RELEASE\spring-jcl-5.1.5.RELEASE.jar;c:\tools\repo\org\springframework\spring-test\5.1.5.RELEASE\spring-test-5.1.5.RELEASE.jar;c:\tools\repo\org\xmlunit\xmlunit-core\2.6.2\xmlunit-core-2.6.2.jar;c:\tools\repo\io\springfox\springfox-swagger2\2.9.2\springfox-swagger2-2.9.2.jar;c:\tools\repo\io\swagger\swagger-annotations\1.5.20\swagger-annotations-1.5.20.jar;c:\tools\repo\io\swagger\swagger-models\1.5.20\swagger-models-1.5.20.jar;c:\tools\repo\com\fasterxml\jackson\core\jackson-annotations\2.9.0\jackson-annotations-2.9.0.jar;c:\tools\repo\io\springfox\springfox-spi\2.9.2\springfox-spi-2.9.2.jar;c:\tools\repo\io\springfox\springfox-core\2.9.2\springfox-core-2.9.2.jar;c:\tools\repo\io\springfox\springfox-schema\2.9.2\springfox-schema-2.9.2.jar;c:\tools\repo\io\springfox\springfox-swagger-common\2.9.2\springfox-swagger-common-2.9.2.jar;c:\tools\repo\io\springfox\springfox-spring-web\2.9.2\springfox-spring-web-2.9.2.jar;c:\tools\repo\com\google\guava\guava\20.0\guava-20.0.jar;c:\tools\repo\com\fasterxml\classmate\1.4.0\classmate-1.4.0.jar;c:\tools\repo\org\slf4j\slf4j-api\1.7.25\slf4j-api-1.7.25.jar;c:\tools\repo\org\springframework\plugin\spring-plugin-core\1.2.0.RELEASE\spring-plugin-core-1.2.0.RELEASE.jar;c:\tools\repo\org\springframework\plugin\spring-plugin-metadata\1.2.0.RELEASE\spring-plugin-metadata-1.2.0.RELEASE.jar;c:\tools\repo\org\mapstruct\mapstruct\1.2.0.Final\mapstruct-1.2.0.Final.jar;c:\tools\repo\io\springfox\springfox-swagger-ui\2.9.2\springfox-swagger-ui-2.9.2.jar;"/>
    <property name="sun.cpu.endian" value="little"/>
    <property name="user.home" value="C:\Users\user1"/>
    <property name="user.language" value="en"/>
    <property name="java.specification.vendor" value="Oracle Corporation"/>
    <property name="java.home" value="C:\tools\jdk1.8.0_201\jre"/>
    <property name="basedir" value="C:\Work\LighteningMortgage"/>
    <property name="file.separator" value="\"/>
    <property name="line.separator" value="&#10;"/>
    <property name="java.vm.specification.vendor" value="Oracle Corporation"/>
    <property name="java.specification.name" value="Java Platform API Specification"/>
    <property name="java.awt.graphicsenv" value="sun.awt.Win32GraphicsEnvironment"/>
    <property name="surefire.real.class.path" value="C:\Users\user1\AppData\Local\Temp\surefire273612549454305860\surefirebooter2657375702040677322.jar"/>
    <property name="sun.boot.class.path" value="C:\tools\jdk1.8.0_201\jre\lib\resources.jar;C:\tools\jdk1.8.0_201\jre\lib\rt.jar;C:\tools\jdk1.8.0_201\jre\lib\sunrsasign.jar;C:\tools\jdk1.8.0_201\jre\lib\jsse.jar;C:\tools\jdk1.8.0_201\jre\lib\jce.jar;C:\tools\jdk1.8.0_201\jre\lib\charsets.jar;C:\tools\jdk1.8.0_201\jre\lib\jfr.jar;C:\tools\jdk1.8.0_201\jre\classes"/>
    <property name="user.script" value=""/>
    <property name="sun.management.compiler" value="HotSpot 64-Bit Tiered Compilers"/>
    <property name="java.runtime.version" value="1.8.0_201-b09"/>
    <property name="user.name" value="user1"/>
    <property name="path.separator" value=";"/>
    <property name="os.version" value="10.0"/>
    <property name="java.endorsed.dirs" value="C:\tools\jdk1.8.0_201\jre\lib\endorsed"/>
    <property name="java.runtime.name" value="Java(TM) SE Runtime Environment"/>
    <property name="file.encoding" value="Cp1252"/>
    <property name="java.vm.name" value="Java HotSpot(TM) 64-Bit Server VM"/>
    <property name="localRepository" value="c:\tools\repo"/>
    <property name="java.vendor.url.bug" value="http://bugreport.sun.com/bugreport/"/>
    <property name="java.io.tmpdir" value="C:\Users\user1\AppData\Local\Temp\"/>
    <property name="java.version" value="1.8.0_201"/>
    <property name="user.dir" value="C:\Work\LighteningMortgage"/>
    <property name="os.arch" value="amd64"/>
    <property name="java.vm.specification.name" value="Java Virtual Machine Specification"/>
    <property name="java.awt.printerjob" value="sun.awt.windows.WPrinterJob"/>
    <property name="sun.os.patch.level" value=""/>
    <property name="java.library.path" value="C:\tools\jdk1.8.0_201\jre\bin;C:\Windows\Sun\Java\bin;C:\Windows\system32;C:\Windows;C:/tools/jre1.8.0_201/bin/server;C:/tools/jre1.8.0_201/bin;C:/tools/jre1.8.0_201/lib/amd64;C:\Program Files (x86)\Common Files\Oracle\Java\javapath;C:\Windows\system32;C:\Windows;C:\Windows\System32\Wbem;C:\Windows\System32\WindowsPowerShell\v1.0\;C:\Windows\System32\OpenSSH\;C:\Program Files\Git\cmd;C:\Program Files\TortoiseSVN\bin;C:\Program Files (x86)\Common Files\Oracle\Java\javapath;C:\Windows\system32;C:\Windows;C:\Windows\System32\Wbem;C:\Windows\System32\WindowsPowerShell\v1.0\;C:\Windows\System32\OpenSSH\;C:\Program Files\Git\cmd;C:\Program Files\TortoiseSVN\bin;C:\tools\jdk1.8.0_201\bin;C:\tools\apache-maven-3.0.4\bin;C:\tools\apache-tomcat-8.5.38\bin;C:\Program Files\Git\bin;;C:\tools\sts-3.9.6.RELEASE-e4.9.0-win32-x86_64\sts-bundle\sts-3.9.6.RELEASE;;."/>
    <property name="java.vm.info" value="mixed mode"/>
    <property name="java.vendor" value="Oracle Corporation"/>
    <property name="java.vm.version" value="25.201-b09"/>
    <property name="java.ext.dirs" value="C:\tools\jdk1.8.0_201\jre\lib\ext;C:\Windows\Sun\Java\lib\ext"/>
    <property name="sun.io.unicode.encoding" value="UnicodeLittle"/>
    <property name="java.class.version" value="52.0"/>
  </properties>
  <testcase name="contextLoads" classname="com.mortgage.LighteningMortgageApplicationTests" time="0.136"/>
</testsuite>